[2026-02-11 14:57:44] [INFO] Airwings v2.0.0 started
[2026-02-11 14:58:51] [SUCCESS] Selected interface: wlan1
[2026-02-11 14:58:51] [SUCCESS] Interface supports VIF (Virtual Interface Functionality)
[2026-02-11 14:59:05] [SUCCESS] Monitor mode enabled: wlan1
[2026-02-11 15:01:43] [ERROR] airgeddon not found
[2026-02-11 15:02:11] [INFO] Airwings v2.0.0 started
[2026-02-12 09:34:37] [INFO] Airwings v2.0.0 started
[2026-02-12 10:09:57] [INFO] Airwings v2.0.0 started
[2026-02-12 10:26:38] [INFO] Airwings v2.0.0 started
[2026-02-12 10:34:26] [INFO] Airwings v2.0.0 started
[2026-02-12 10:35:51] [INFO] Airwings v2.0.0 started
[2026-02-12 10:36:20] [INFO] Airwings v2.0.0 started
[2026-02-12 10:39:21] [INFO] Airwings v2.0.0 started
[2026-02-12 10:53:39] [INFO] Airwings v2.0.0 started
[2026-02-12 10:57:48] [INFO] Airwings v2.0.0 started
[2026-02-12 11:11:23] [INFO] Airwings v2.0.0 started
[2026-02-12 11:15:33] [INFO] Airwings v2.0.0 started
[2026-02-12 11:19:03] [INFO] Airwings v2.0.0 started
[2026-02-12 11:20:29] [INFO] Airwings v2.0.0 started
[2026-02-12 11:21:13] [INFO] Airwings v2.0.0 started
[2026-02-12 11:25:02] [INFO] Airwings v2.0.0 started
[2026-02-12 11:28:35] [INFO] Airwings v2.0.0 started
[2026-02-12 11:32:11] [INFO] Airwings v2.0.0 started
[2026-02-12 11:32:39] [INFO] Airwings v2.0.0 started
[2026-02-12 11:36:16] [INFO] Airwings v2.0.0 started
[2026-02-12 11:45:08] [INFO] Airwings v2.0.0 started
[2026-02-12 11:46:23] [INFO] Airwings v2.0.0 started
[2026-02-12 11:46:43] [INFO] Airwings v2.0.0 started
[2026-02-12 11:49:38] [INFO] Airwings v2.0.0 started
[2026-02-12 12:11:20] [INFO] Airwings v2.0.0 started
[2026-02-12 12:14:50] [INFO] Airwings v2.0.0 started
[2026-02-12 12:16:08] [INFO] Airwings v2.0.0 started
[2026-02-12 12:17:39] [INFO] Airwings v2.0.0 started
[2026-02-12 12:20:14] [INFO] Airwings v2.0.0 started
[2026-02-12 12:39:24] [INFO] Airwings v2.0.0 started
[2026-02-12 12:51:40] [INFO] Airwings v2.0.0 started
[2026-02-14 07:31:58] [INFO] Airwings v2.0.0 started
[2026-02-14 07:33:48] [INFO] Airwings v2.0.0 started
[2026-02-14 07:35:48] [INFO] Airwings v2.0.0 started
[2026-02-14 07:37:27] [INFO] Airwings v2.0.0 started
[2026-02-14 07:50:41] [INFO] Airwings v2.0.0 started
[2026-02-14 08:16:23] [INFO] Airwings v2.0.0 started
[2026-02-14 12:07:43] [INFO] Airwings v2.0.0 started
[2026-02-14 12:08:57] [INFO] Airwings v2.0.0 started
[2026-02-14 12:14:40] [INFO] Airwings v2.0.0 started
[2026-02-14 12:18:42] [INFO] Airwings v2.0.0 started
[2026-02-14 12:19:29] [INFO] Airwings v2.0.0 started
[2026-02-14 12:20:24] [INFO] Airwings v2.0.0 started
[2026-02-14 12:24:29] [INFO] Airwings v2.0.0 started
[2026-02-14 12:25:56] [INFO] Airwings v2.0.0 started
[2026-02-14 12:43:16] [INFO] Airwings v2.0.0 started
[2026-02-14 12:57:41] [INFO] Airwings v2.0.0 started
[2026-02-14 13:00:07] [INFO] Airwings v2.0.0 started
[2026-02-14 13:02:23] [INFO] Airwings v2.0.0 started
[2026-02-14 13:16:56] [INFO] Airwings v2.0.0 started
[2026-02-14 13:18:20] [INFO] Airwings v2.0.0 started
[2026-02-14 14:17:53] [INFO] Airwings v2.0.0 started
[2026-02-14 14:27:30] [INFO] Airwings v2.0.0 started
[2026-02-14 14:35:25] [INFO] Airwings v2.0.0 started
[2026-02-14 14:43:34] [INFO] Airwings v2.0.0 started
[2026-02-14 14:45:59] [INFO] Airwings v2.0.0 started
[2026-02-14 14:50:33] [INFO] Airwings v2.0.0 started
[2026-02-14 14:51:14] [INFO] Airwings v2.0.0 started
[2026-02-14 18:22:50] [INFO] Airwings v2.0.0 started
[2026-02-14 18:24:49] [INFO] Airwings v2.0.0 started
[2026-02-15 15:00:28] [INFO] Airwings v2.0.0 started
[2026-02-15 15:01:35] [INFO] Airwings v2.0.0 started
[2026-02-15 15:57:19] [INFO] Airwings v2.0.0 started
[2026-02-15 15:58:59] [INFO] Airwings v2.0.0 started
[2026-02-17 06:16:42] [INFO] Airwings v2.0.0 started
[2026-02-17 06:17:27] [INFO] Airwings v2.0.0 started
[2026-02-17 06:18:44] [INFO] Airwings v2.0.0 started
[2026-02-17 06:33:31] [INFO] Airwings v2.0.0 started
[2026-02-17 06:34:29] [INFO] Airwings v2.0.0 started
[2026-02-17 06:37:32] [INFO] Airwings v2.0.0 started
[2026-02-17 06:40:36] [INFO] Airwings v2.0.0 started
[2026-02-17 06:41:58] [INFO] Airwings v2.0.0 started
[2026-02-17 06:43:54] [INFO] Airwings v2.0.0 started
[2026-02-17 06:59:51] [INFO] Airwings v2.0.0 started
[2026-02-17 07:04:38] [INFO] Airwings v2.0.0 started
[2026-02-17 07:05:51] [INFO] Airwings v2.0.0 started
[2026-02-17 07:10:33] [INFO] Airwings v2.0.0 started
[2026-02-17 07:15:09] [INFO] Airwings v2.0.0 started
[2026-02-17 07:20:51] [INFO] Airwings v2.0.0 started
[2026-02-17 07:28:10] [INFO] Airwings v2.0.0 started
[2026-02-17 07:44:47] [INFO] Airwings v2.0.0 started
[2026-02-17 08:09:06] [INFO] Airwings v2.0.0 started
[2026-02-17 08:15:45] [INFO] Airwings v2.0.0 started
[2026-02-17 08:30:39] [INFO] Airwings v2.0.0 started
[2026-02-17 08:31:29] [INFO] Airwings v2.0.0 started
[2026-02-17 08:34:43] [INFO] Airwings v2.0.0 started
[2026-02-17 08:43:23] [INFO] Airwings v2.0.0 started
[2026-02-17 08:50:53] [INFO] Airwings v2.0.0 started
[2026-02-17 09:06:46] [INFO] Airwings v2.0.0 started
[2026-02-17 09:08:23] [INFO] Airwings v2.0.0 started
[2026-02-17 11:05:49] [INFO] Airwings v2.0.0 started
[2026-02-17 11:06:21] [INFO] Airwings v2.0.0 started
[2026-02-17 11:07:03] [INFO] Airwings v2.0.0 started
[2026-02-18 09:34:46] [INFO] Airwings v2.0.0 started
[2026-02-18 09:35:26] [INFO] Airwings v2.0.0 started
[2026-02-18 09:59:30] [INFO] Airwings v2.0.0 started
[2026-02-18 10:07:00] [INFO] Airwings v2.0.0 started
[2026-02-18 10:12:47] [INFO] Airwings v2.0.0 started
[2026-02-18 10:25:32] [INFO] Airwings v2.0.0 started
[2026-02-18 10:31:18] [INFO] Airwings v2.0.0 started
[2026-02-18 10:33:49] [INFO] Airwings v2.0.0 started
[2026-02-18 10:35:03] [INFO] Airwings v2.0.0 started
[2026-02-18 10:35:50] [INFO] Airwings v2.0.0 started
[2026-02-18 10:39:46] [INFO] Airwings v2.0.0 started
[2026-02-18 10:43:09] [INFO] Airwings v2.0.0 started
[2026-02-18 10:47:45] [INFO] Airwings v2.0.0 started
[2026-02-18 10:50:13] [INFO] Airwings v2.0.0 started
[2026-02-18 10:58:09] [INFO] Airwings v2.0.0 started
[2026-02-18 11:05:37] [INFO] Airwings v2.0.0 started
[2026-02-18 11:09:48] [INFO] Airwings v2.0.0 started
[2026-02-18 11:13:06] [INFO] Airwings v2.0.0 started
[2026-02-18 11:18:18] [INFO] Airwings v2.0.0 started
[2026-02-18 11:27:41] [INFO] Airwings v2.0.0 started
[2026-02-18 11:30:12] [INFO] Airwings v2.0.0 started
[2026-02-18 11:32:09] [INFO] Airwings v2.0.0 started
[2026-02-18 11:37:06] [INFO] Airwings v2.0.0 started
[2026-02-18 11:43:11] [INFO] Airwings v2.0.0 started
[2026-02-18 11:45:18] [INFO] Airwings v2.0.0 started
[2026-02-18 11:51:23] [INFO] Airwings v2.0.0 started
[2026-02-18 12:01:38] [INFO] Airwings v2.0.0 started
[2026-02-18 12:23:36] [INFO] Airwings v2.0.0 started
[2026-02-18 12:26:37] [INFO] Airwings v2.0.0 started
[2026-02-28 08:40:19] [INFO] Airwings v2.0.0 started
[2026-02-28 08:43:20] [INFO] Airwings v2.0.0 started
[2026-02-28 08:47:36] [INFO] Airwings v2.0.0 started
[2026-02-28 08:49:27] [INFO] Airwings v2.0.0 started
[2026-02-28 08:50:44] [INFO] Airwings v2.0.0 started
[2026-02-28 08:59:32] [INFO] Airwings v2.0.0 started
[2026-02-28 09:09:28] [INFO] Airwings v2.0.0 started
[2026-02-28 09:11:46] [INFO] Airwings v2.0.0 started
[2026-02-28 09:18:07] [INFO] Airwings v2.0.0 started
[2026-02-28 11:02:00] [INFO] Airwings v2.0.0 started
[2026-02-28 11:08:00] [INFO] Airwings v2.0.0 started
[2026-02-28 11:10:47] [INFO] Airwings v2.0.0 started
[2026-02-28 11:13:39] [INFO] Airwings v2.0.0 started
[2026-02-28 14:00:32] [INFO] Airwings v2.0.0 started
[2026-02-28 14:02:24] [INFO] Airwings v2.0.0 started
[2026-03-01 07:19:21] [INFO] Airwings v2.0.0 started
[2026-03-01 07:23:18] [INFO] Airwings v2.0.0 started
[2026-03-01 07:26:14] [INFO] Airwings v2.0.0 started
[2026-03-01 07:26:38] [INFO] Airwings v2.0.0 started
[2026-03-01 07:28:16] [INFO] Airwings v2.0.0 started
[2026-03-01 07:34:02] [INFO] Airwings v2.0.0 started
[2026-03-01 07:39:10] [INFO] Airwings v2.0.0 started
[2026-03-01 07:40:43] [INFO] Airwings v2.0.0 started
[2026-03-01 07:42:14] [INFO] Airwings v2.0.0 started
[2026-03-01 07:46:47] [INFO] Airwings v2.0.0 started
[2026-03-01 07:47:44] [INFO] Airwings v2.0.0 started
[2026-03-01 07:53:35] [INFO] Airwings v2.0.0 started
[2026-03-01 07:58:25] [INFO] Airwings v2.0.0 started
[2026-03-01 07:59:14] [INFO] Airwings v2.0.0 started
[2026-03-01 08:03:43] [INFO] Airwings v2.0.0 started
[2026-03-01 08:12:16] [INFO] Airwings v2.0.0 started
[2026-03-01 08:13:02] [INFO] Airwings v2.0.0 started
[2026-03-01 08:13:53] [INFO] Airwings v2.0.0 started
[2026-03-01 08:14:21] [INFO] Airwings v2.0.0 started
[2026-03-01 08:18:52] [INFO] Airwings v2.0.0 started
[2026-03-01 08:22:51] [INFO] Airwings v2.0.0 started
[2026-03-01 08:26:39] [INFO] Airwings v2.0.0 started
[2026-03-01 08:30:17] [INFO] Airwings v2.0.0 started
[2026-03-01 08:40:27] [INFO] Airwings v2.0.0 started
[2026-03-01 08:47:16] [INFO] Airwings v2.0.0 started
[2026-03-01 08:48:16] [INFO] Airwings v2.0.0 started
[2026-03-01 08:50:38] [INFO] Airwings v2.0.0 started
[2026-03-01 08:59:56] [INFO] Airwings v2.0.0 started
[2026-03-01 09:03:55] [INFO] Airwings v2.0.0 started
